<?xml version="1.0" encoding="UTF-8"?>
<testng-results skipped="0" failed="0" ignored="0" total="2" passed="2">
  <reporter-output>
  </reporter-output>
  <suite name="Suite" duration-ms="71" started-at="2020-02-20T17:43:06 PST" finished-at="2020-02-20T17:43:06 PST">
    <groups>
    </groups>
    <test name="Test" duration-ms="71" started-at="2020-02-20T17:43:06 PST" finished-at="2020-02-20T17:43:06 PST">
      <class name="TesNGTestCase.ParallelTestingExamle">
        <test-method status="PASS" signature="method2()[pri:0, instance:TesNGTestCase.ParallelTestingExamle@551aa95a]" name="method2" duration-ms="16" started-at="2020-02-20T17:43:06 PST" finished-at="2020-02-20T17:43:06 PST">
          <reporter-output>
          </reporter-output>
        </test-method> <!-- method2 -->
        <test-method status="PASS" signature="method1()[pri:0, instance:TesNGTestCase.ParallelTestingExamle@551aa95a]" name="method1" duration-ms="16" started-at="2020-02-20T17:43:06 PST" finished-at="2020-02-20T17:43:06 PST">
          <reporter-output>
          </reporter-output>
        </test-method> <!-- method1 -->
      </class> <!-- TesNGTestCase.ParallelTestingExamle -->
    </test> <!-- Test -->
  </suite> <!-- Suite -->
</testng-results>
